#
# A fatal error has been detected by the Java Runtime Environment:
#
#  Internal Error (javaClasses.cpp:136), pid=4208, tid=8028
#  fatal error: Invalid layout of preloaded class
#
# JRE version:  (7.0_71-b14) (build )
# Java VM: Java HotSpot(TM) 64-Bit Server VM (24.71-b01 mixed mode windows-amd64 compressed oops)
# Failed to write core dump. Minidumps are not enabled by default on client versions of Windows
#
# If you would like to submit a bug report, please visit:
#   http://bugreport.sun.com/bugreport/crash.jsp
#

---------------  T H R E A D  ---------------

Current thread (0x0000000002c30800):  JavaThread "Unknown thread" [_thread_in_vm, id=8028, stack(0x0000000002b20000,0x0000000002c20000)]

Stack: [0x0000000002b20000,0x0000000002c20000]
[error occurred during error reporting (printing stack bounds), id 0xc0000005]

Native frames: (J=compiled Java code, j=interpreted, Vv=VM code, C=native code)
C  0x00000000458420ec


---------------  P R O C E S S  ---------------

Java Threads: ( => current thread )

Other Threads:

=>0x0000000002c30800 (exited) JavaThread "Unknown thread" [_thread_in_vm, id=8028, stack(0x0000000002b20000,0x0000000002c20000)]

VM state:not at safepoint (not fully initialized)

VM Mutex/Monitor currently owned by a thread: None

GC Heap History (0 events):
No events

Deoptimization events (0 events):
No events

Internal exceptions (0 events):
No events

Events (10 events):
Event: 0.010 loading class 0x0000000002c74ba0 done
Event: 0.010 loading class 0x0000000002c745c0 done
Event: 0.010 loading class 0x0000000002c745a0
Event: 0.010 loading class 0x0000000002c7c730
Event: 0.010 loading class 0x0000000002c7c730 done
Event: 0.010 loading class 0x0000000002c7c760
Event: 0.010 loading class 0x0000000002c7c760 done
Event: 0.010 loading class 0x0000000002c7c790
Event: 0.010 loading class 0x0000000002c7c790 done
Event: 0.010 loading class 0x0000000002c745a0 done


Dynamic libraries:
0x00007ff7d5fb0000 - 0x00007ff7d5fe3000 	C:\Program Files\Java\jre7\bin\javaw.exe
0x00007ffc94470000 - 0x00007ffc9461c000 	C:\Windows\SYSTEM32\ntdll.dll
0x00007ffc91e30000 - 0x00007ffc91f6e000 	C:\Windows\system32\KERNEL32.DLL
0x00007ffc919e0000 - 0x00007ffc91af5000 	C:\Windows\system32\KERNELBASE.dll
0x00007ffc90170000 - 0x00007ffc901fe000 	C:\Windows\system32\apphelp.dll
0x00007ffc859c0000 - 0x00007ffc85a13000 	C:\Windows\AppPatch\AppPatch64\AcGenral.DLL
0x00007ffc923a0000 - 0x00007ffc9244a000 	C:\Windows\system32\msvcrt.dll
0x00007ffc913a0000 - 0x00007ffc913ce000 	C:\Windows\SYSTEM32\SspiCli.dll
0x00007ffc91f70000 - 0x00007ffc91fc4000 	C:\Windows\system32\SHLWAPI.dll
0x00007ffc92590000 - 0x00007ffc92707000 	C:\Windows\system32\USER32.dll
0x00007ffc921e0000 - 0x00007ffc92374000 	C:\Windows\system32\ole32.dll
0x00007ffc92e80000 - 0x00007ffc94399000 	C:\Windows\system32\SHELL32.dll
0x00007ffc90b90000 - 0x00007ffc90bb1000 	C:\Windows\SYSTEM32\USERENV.dll
0x00007ffc92be0000 - 0x00007ffc92c8a000 	C:\Windows\system32\ADVAPI32.dll
0x00007ffc880a0000 - 0x00007ffc880be000 	C:\Windows\SYSTEM32\MPR.dll
0x00007ffc91b00000 - 0x00007ffc91c41000 	C:\Windows\system32\RPCRT4.dll
0x00007ffc91dd0000 - 0x00007ffc91e29000 	C:\Windows\SYSTEM32\sechost.dll
0x00007ffc929c0000 - 0x00007ffc92bd1000 	C:\Windows\SYSTEM32\combase.dll
0x00007ffc92cd0000 - 0x00007ffc92e20000 	C:\Windows\system32\GDI32.dll
0x00007ffc915d0000 - 0x00007ffc915e5000 	C:\Windows\SYSTEM32\profapi.dll
0x00007ffc8fb20000 - 0x00007ffc8fbd2000 	C:\Windows\SYSTEM32\SHCORE.dll
0x00007ffc92c90000 - 0x00007ffc92cc6000 	C:\Windows\system32\IMM32.DLL
0x00007ffc91c50000 - 0x00007ffc91da2000 	C:\Windows\system32\MSCTF.dll
0x00007ffc8f6a0000 - 0x00007ffc8f91a000 	C:\Windows\WinSxS\amd64_microsoft.windows.common-controls_6595b64144ccf1df_6.0.9600.17810_none_6240b9c7ecbd0bda\COMCTL32.dll
0x000000006b1f0000 - 0x000000006b2c2000 	C:\Program Files\Java\jre7\bin\msvcr100.dll
0x000000006aa10000 - 0x000000006b1e3000 	C:\Program Files\Java\jre7\bin\server\jvm.dll
0x00007ffc87560000 - 0x00007ffc87569000 	C:\Windows\SYSTEM32\WSOCK32.dll
0x00007ffc8ee30000 - 0x00007ffc8ee52000 	C:\Windows\SYSTEM32\WINMM.dll
0x00007ffc928f0000 - 0x00007ffc928f7000 	C:\Windows\system32\PSAPI.DLL
0x00007ffc92e20000 - 0x00007ffc92e7a000 	C:\Windows\system32\WS2_32.dll
0x00007ffc8eaf0000 - 0x00007ffc8eb1a000 	C:\Windows\SYSTEM32\WINMMBASE.dll
0x00007ffc943a0000 - 0x00007ffc943a9000 	C:\Windows\system32\NSI.dll
0x00007ffc91700000 - 0x00007ffc9174f000 	C:\Windows\SYSTEM32\cfgmgr32.dll
0x00007ffc903f0000 - 0x00007ffc90418000 	C:\Windows\SYSTEM32\DEVOBJ.dll
0x000000006aa00000 - 0x000000006aa0f000 	C:\Program Files\Java\jre7\bin\verify.dll
0x000000006a9d0000 - 0x000000006a9f8000 	C:\Program Files\Java\jre7\bin\java.dll
0x000000006a9b0000 - 0x000000006a9c5000 	C:\Program Files\Java\jre7\bin\zip.dll
0x00007ffc7fa90000 - 0x00007ffc7fc19000 	C:\Windows\SYSTEM32\dbghelp.dll

VM Arguments:
jvm_args: -Dfile.encoding=Cp1252 -Xbootclasspath:C:\Users\user\AppData\Local\Android\sdk\platforms\android-21\android.jar 
java_command: com.example.diningapp.DiningList
Launcher Type: SUN_STANDARD

Environment Variables:
PATH=C:\OCaml\bin;C:\Program Files (x86)\NVIDIA Corporation\PhysX\Common;C:\Program Files (x86)\Intel\iCLS Client\;C:\Program Files\Intel\iCLS Client\;C:\Windows\system32;C:\Windows;C:\Windows\System32\Wbem;C:\Windows\System32\WindowsPowerShell\v1.0\;C:\Program Files\Intel\Intel(R) Management Engine Components\DAL;C:\Program Files\Intel\Intel(R) Management Engine Components\IPT;C:\Program Files (x86)\Intel\Intel(R) Management Engine Components\DAL;C:\Program Files (x86)\Intel\Intel(R) Management Engine Components\IPT;C:\Program Files (x86)\QuickTime\QTSystem\;C:\Program Files (x86)\Skype\Phone\
USERNAME=user
OS=Windows_NT
PROCESSOR_IDENTIFIER=Intel64 Family 6 Model 69 Stepping 1, GenuineIntel



---------------  S Y S T E M  ---------------

OS: Windows 8.1 , 64 bit Build 9600 

CPU:total 4 (2 cores per cpu, 2 threads per core) family 6 model 69 stepping 1, cmov, cx8, fxsr, mmx, sse, sse2, sse3, ssse3, sse4.1, sse4.2, popcnt, avx, avx2, aes, erms, ht, tsc, tscinvbit

Memory: 4k page, physical 8317080k(4539848k free), swap 9627800k(4275664k free)

vm_info: Java HotSpot(TM) 64-Bit Server VM (24.71-b01) for windows-amd64 JRE (1.7.0_71-b14), built on Sep 26 2014 16:16:12 by "java_re" with unknown MS VC++:1600

time: Sun Aug 30 20:17:43 2015
elapsed time: 0 seconds

